1547887392525	geckodriver	INFO	geckodriver 0.21.0
1547887392617	geckodriver	INFO	Listening on 127.0.0.1:59329
1547887395645	mozrunner::runner	INFO	Running command: "C:\\Program Files\\Mozilla Firefox\\firefox.exe" "-marionette" "-foreground" "-no-remote" "-profile" "C:\\Users\\ADMINI~1\\AppData\\Local\\Temp\\rust_mozprofile.3P5MGag2mG09"
1547887411473	addons.webextension.screenshots@mozilla.org	WARN	Loading extension 'screenshots@mozilla.org': Reading manifest: Invalid host permission: resource://pdf.js/
1547887411489	addons.webextension.screenshots@mozilla.org	WARN	Loading extension 'screenshots@mozilla.org': Reading manifest: Invalid host permission: about:reader*
1547887412052	Marionette	DEBUG	Received observer notification profile-after-change
1547887413557	Marionette	DEBUG	Received observer notification toplevel-window-ready
1547887413987	Marionette	DEBUG	Received observer notification command-line-startup
1547887413987	Marionette	DEBUG	Received observer notification nsPref:changed
1547887413987	Marionette	DEBUG	Init aborted (running=false, enabled=true, finalUIStartup=false)
1547887414754	Marionette	DEBUG	Received observer notification toplevel-window-ready
1547887434438	Marionette	DEBUG	Received observer notification sessionstore-windows-restored
1547887434438	Marionette	DEBUG	Waiting for delayed startup...
1547887435064	Marionette	DEBUG	Setting recommended pref app.update.disabledForTesting to true
1547887435064	Marionette	DEBUG	Setting recommended pref security.turn_off_all_security_so_that_viruses_can_take_over_this_computer to true
1547887435065	Marionette	DEBUG	Setting recommended pref apz.content_response_timeout to 60000
1547887435065	Marionette	DEBUG	Setting recommended pref browser.contentblocking.introCount to 99
1547887435065	Marionette	DEBUG	Setting recommended pref browser.download.panel.shown to true
1547887435065	Marionette	DEBUG	Setting recommended pref browser.newtabpage.enabled to false
1547887435066	Marionette	DEBUG	Setting recommended pref browser.pagethumbnails.capturing_disabled to true
1547887435067	Marionette	DEBUG	Setting recommended pref browser.search.update to false
1547887435067	Marionette	DEBUG	Setting recommended pref browser.tabs.disableBackgroundZombification to false
1547887435068	Marionette	DEBUG	Setting recommended pref browser.tabs.warnOnCloseOtherTabs to false
1547887435068	Marionette	DEBUG	Setting recommended pref browser.tabs.warnOnOpen to false
1547887435069	Marionette	DEBUG	Setting recommended pref browser.usedOnWindows10.introURL to 
1547887435069	Marionette	DEBUG	Setting recommended pref browser.urlbar.suggest.searches to false
1547887435069	Marionette	DEBUG	Setting recommended pref datareporting.policy.dataSubmissionPolicyAccepted to false
1547887435069	Marionette	DEBUG	Setting recommended pref dom.disable_beforeunload to true
1547887435070	Marionette	DEBUG	Setting recommended pref dom.disable_open_during_load to false
1547887435070	Marionette	DEBUG	Setting recommended pref dom.file.createInChild to true
1547887435070	Marionette	DEBUG	Setting recommended pref dom.max_chrome_script_run_time to 0
1547887435071	Marionette	DEBUG	Setting recommended pref dom.max_script_run_time to 0
1547887435071	Marionette	DEBUG	Setting recommended pref extensions.getAddons.cache.enabled to false
1547887435071	Marionette	DEBUG	Setting recommended pref extensions.webservice.discoverURL to http://%(server)s/dummy/discoveryURL
1547887435072	Marionette	DEBUG	Setting recommended pref network.http.prompt-temp-redirect to false
1547887435072	Marionette	DEBUG	Setting recommended pref network.http.speculative-parallel-limit to 0
1547887435072	Marionette	DEBUG	Setting recommended pref security.fileuri.strict_origin_policy to false
1547887435073	Marionette	DEBUG	Setting recommended pref security.notification_enable_delay to 0
1547887435073	Marionette	DEBUG	Setting recommended pref signon.autofillForms to false
1547887435074	Marionette	DEBUG	Setting recommended pref signon.rememberSignons to false
1547887435074	Marionette	DEBUG	Setting recommended pref toolkit.cosmeticAnimations.enabled to false
IPDL protocol error: Handler returned error code!

###!!! [Parent][DispatchAsyncMessage] Error: PLayerTransaction::Msg_ReleaseLayer Processing error: message was deserialized, but the handler returned false (indicating failure)

IPDL protocol error: Handler returned error code!

###!!! [Parent][DispatchAsyncMessage] Error: PLayerTransaction::Msg_ReleaseLayer Processing error: message was deserialized, but the handler returned false (indicating failure)

IPDL protocol error: Handler returned error code!

###!!! [Parent][DispatchAsyncMessage] Error: PLayerTransaction::Msg_ReleaseLayer Processing error: message was deserialized, but the handler returned false (indicating failure)

IPDL protocol error: Handler returned error code!

###!!! [Parent][DispatchAsyncMessage] Error: PLayerTransaction::Msg_ReleaseLayer Processing error: message was deserialized, but the handler returned false (indicating failure)

IPDL protocol error: Handler returned error code!

###!!! [Parent][DispatchAsyncMessage] Error: PLayerTransaction::Msg_ReleaseLayer Processing error: message was deserialized, but the handler returned false (indicating failure)

1547887435577	Marionette	INFO	Listening on port 59343
1547887435577	Marionette	DEBUG	Remote service is active
[Parent 1356, Gecko_IOThread] WARNING: pipe error: 109: file z:/build/build/src/ipc/chromium/src/chrome/common/ipc_channel_win.cc, line 346
[Child 13020, Chrome_ChildThread] WARNING: pipe error: 109: file z:/build/build/src/ipc/chromium/src/chrome/common/ipc_channel_win.cc, line 346
[Child 13020, Chrome_ChildThread] WARNING: pipe error: 109: file z:/build/build/src/ipc/c1547887435841	Marionette	DEBUG	Accepted connection 0 from 127.0.0.1:59442
1547887435950	Marionette	TRACE	0 -> [0,1,"WebDriver:NewSession",{"acceptInsecureCerts":true,"browserName":"firefox","capabilities":{"desiredCapabilities":{"acceptInsecureCerts":true,"browserName":"firefox"}}}]
1547887435951	Marionette	WARN	TLS certificate errors will be ignored for this session
1547887436028	Marionette	DEBUG	[6442450945] Frame script loaded
1547887436168	Marionette	DEBUG	[6442450945] Frame script registered
1547887436349	Marionette	TRACE	0 <- [1,1,null,{"sessionId":"4d840b06-1d14-4595-84b1-3d565b6ae377","capabilities":{"browserName":"firefox","browserVersion":"64.0" ... alse,"moz:webdriverClick":true,"capabilities":{"desiredCapabilities":{"acceptInsecureCerts":true,"browserName":"firefox"}}}}]
1547887440173	Marionette	TRACE	0 -> [0,2,"WebDriver:Navigate",{"url":"http://www.python.org"}]
1547887440205	Marionette	DEBUG	[6442450945] Received DOM event beforeunload for about:blank
1547887456052	Marionette	DEBUG	[6442450945] Received DOM event pagehide for about:blank
1547887575285	Marionette	DEBUG	[6442450945] Received DOM event DOMContentLoaded for https://www.python.org/
1547887575572	Marionette	DEBUG	[6442450945] Received DOM event pageshow for https://www.python.org/
1547887575572	Marionette	TRACE	0 <- [1,2,null,{"value":null}]
1547887575577	Marionette	TRACE	0 -> [0,3,"WebDriver:GetTitle",{}]
1547887575578	Marionette	TRACE	0 <- [1,3,null,{"value":"Welcome to Python.org"}]
1547887575654	Marionette	TRACE	0 -> [0,4,"WebDriver:FindElement",{"using":"css selector","value":"[name=\"q\"]"}]
1547887575755	Marionette	TRACE	0 <- [1,4,null,{"value":{"element-6066-11e4-a52e-4f735466cecf":"a103fae0-2d66-4e48-93b1-97c974dcf2e5"}}]
1547887575759	Marionette	TRACE	0 -> [0,5,"WebDriver:FindElement",{"using":"css selector","value":"[name=\"q\"]"}]
1547887575763	Marionette	TRACE	0 <- [1,5,null,{"value":{"element-6066-11e4-a52e-4f735466cecf":"a103fae0-2d66-4e48-93b1-97c974dcf2e5"}}]
1547887575767	Marionette	TRACE	0 -> [0,6,"WebDriver:ElementClear",{"id":"a103fae0-2d66-4e48-93b1-97c974dcf2e5"}]
1547887576019	Marionette	TRACE	0 <- [1,6,null,{"value":null}]
1547887576031	Marionette	TRACE	0 -> [0,7,"WebDriver:FindElement",{"using":"css selector","value":"[name=\"q\"]"}]
1547887576039	Marionette	TRACE	0 <- [1,7,null,{"value":{"element-6066-11e4-a52e-4f735466cecf":"a103fae0-2d66-4e48-93b1-97c974dcf2e5"}}]
1547887576048	Marionette	TRACE	0 -> [0,8,"WebDriver:ElementSendKeys",{"id":"a103fae0-2d66-4e48-93b1-97c974dcf2e5","text":"pycon","value":["p","y","c","o","n"]}]
1547887576151	Marionette	TRACE	0 <- [1,8,null,{"value":null}]
1547887576170	Marionette	TRACE	0 -> [0,9,"WebDriver:FindElement",{"using":"css selector","value":"[id=\"submit\"]"}]
1547887576175	Marionette	TRACE	0 <- [1,9,null,{"value":{"element-6066-11e4-a52e-4f735466cecf":"bdb2d376-3e7d-4176-bb57-c496b622a451"}}]
1547887576178	Marionette	TRACE	0 -> [0,10,"WebDriver:ElementClick",{"id":"bdb2d376-3e7d-4176-bb57-c496b622a451"}]
1547887576284	Marionette	DEBUG	[6442450945] Received DOM event beforeunload for https://www.python.org/
1547887577669	Marionette	DEBUG	[6442450945] Received DOM event pagehide for https://www.python.org/
1547887577697	Marionette	DEBUG	[6442450945] Received DOM event unload for https://www.python.org/
1547887586976	Marionette	DEBUG	[6442450945] Received DOM event DOMContentLoaded for https://www.python.org/search/?q=pycon&submit=
1547887587041	Marionette	DEBUG	[6442450945] Received DOM event pageshow for https://www.python.org/search/?q=pycon&submit=
1547887587041	Marionette	TRACE	0 <- [1,10,null,{"value":null}]
1547887587048	Marionette	TRACE	0 -> [0,11,"WebDriver:GetPageSource",{}]
1547887587084	Marionette	TRACE	0 <- [1,11,null,{"value":"<html class=\"js no-touch geolocation fontface generatedcontent svg formvalidation placeholder boxsizing ... mputedStyle-min.js\" charset=\"utf-8\"></script>\n    \n    \n    <![endif]-->\n\n    \n\n    \n    \n\n\n\n</body></html>"}]
1547887587099	Marionette	TRACE	0 -> [0,12,"WebDriver:CloseWindow",{}]
1547887587101	Marionette	TRACE	0 <- [1,12,null,[]]
1547887587127	Marionette	TRACE	0 -> [0,13,"Marionette:Quit",{"flags":["eForceQuit"]}]
1547887587130	Marionette	INFO	Stopped listening on port 59343
1547887587297	Marionette	TRACE	0 <- [1,13,null,{"cause":"shutdown"}]
[Child 15600, Chrome_ChildThread] WARNING: pipe error: 109: file z:/build/build/src/ipc/chromium/src/chrome/common/ipc_channel_win.cc, line 346
[Child 15600, Chrome_ChildThread] WARNING: p[Cipe ehildrror: 109: file z:/build/build/src/ipc/chromium/src/chrome/common/ipc_channel_win 6984.cc, line, C 346hr
ome_ChildThread] WARNING: pipe error: 109: file z:/build/build/src/ipc/chromium/src/chrome/common1547887587568	Marionette	DEBUG	Closed connection 0
/ipc_channel_win.cc, line 346
[Child 6984, Chrome_ChildThread] WARNING: pipe error: 109: file z:/build/build/src/ipc/chromium/src/chrome/common/ipc_channel_win.cc, line 346
[Child 10264, Chrome_ChildThread] WARNING: pipe error: 109: file z:/build/build/src/ipc/chromium/src/chrome/common/ipc_channel_win.cc, line 346
[Child 10264, Chrome_ChildThread] WARN1547887590602	Marionette	DEBUG	Received observer notification xpcom-will-shutdown
1547887590602	Marionette	DEBUG	Resetting recommended pref app.update.disabledForTesting
1547887590602	Marionette	DEBUG	Resetting recommended pref security.turn_off_all_security_so_that_viruses_can_take_over_this_computer
1547887590602	Marionette	DEBUG	Resetting recommended pref apz.content_response_timeout
1547887590602	Marionette	DEBUG	Resetting recommended pref browser.contentblocking.introCount
1547887590602	Marionette	DEBUG	Resetting recommended pref browser.download.panel.shown
1547887590603	Marionette	DEBUG	Resetting recommended pref browser.newtabpage.enabled
1547887590603	Marionette	DEBUG	Resetting recommended pref browser.pagethumbnails.capturing_disabled
1547887590603	Marionette	DEBUG	Resetting recommended pref browser.search.update
1547887590603	Marionette	DEBUG	Resetting recommended pref browser.tabs.disableBackgroundZombification
1547887590604	Marionette	DEBUG	Resetting recommended pref browser.tabs.warnOnCloseOtherTabs
1547887590604	Marionette	DEBUG	Resetting recommended pref browser.tabs.warnOnOpen
1547887590604	Marionette	DEBUG	Resetting recommended pref browser.usedOnWindows10.introURL
1547887590604	Marionette	DEBUG	Resetting recommended pref browser.urlbar.suggest.searches
1547887590604	Marionette	DEBUG	Resetting recommended pref datareporting.policy.dataSubmissionPolicyAccepted
1547887590605	Marionette	DEBUG	Resetting recommended pref dom.disable_beforeunload
1547887590605	Marionette	DEBUG	Resetting recommended pref dom.disable_open_during_load
1547887590605	Marionette	DEBUG	Resetting recommended pref dom.file.createInChild
1547887590605	Marionette	DEBUG	Resetting recommended pref dom.max_chrome_script_run_time
1547887590605	Marionette	DEBUG	Resetting recommended pref dom.max_script_run_time
1547887590606	Marionette	DEBUG	Resetting recommended pref extensions.getAddons.cache.enabled
1547887590606	Marionette	DEBUG	Resetting recommended pref extensions.webservice.discoverURL
1547887590606	Marionette	DEBUG	Resetting recommended pref network.http.prompt-temp-redirect
1547887590606	Marionette	DEBUG	Resetting recommended pref network.http.speculative-parallel-limit
1547887590606	Marionette	DEBUG	Resetting recommended pref security.fileuri.strict_origin_policy
1547887590606	Marionette	DEBUG	Resetting recommended pref security.notification_enable_delay
1547887590606	Marionette	DEBUG	Resetting recommended pref signon.autofillForms
1547887590606	Marionette	DEBUG	Resetting recommended pref signon.rememberSignons
1547887590607	Marionette	DEBUG	Resetting recommended pref toolkit.cosmeticAnimations.enabled
1547887590608	Marionette	DEBUG	Remote service is inactive
